<?xml version='1.0' encoding='UTF-8'?>
<hotspot_log version='160 1' process='5476' time_ms='1281625530682'>
<vm_version>
<name>
Java HotSpot(TM) Client VM
</name>
<release>
19.0-b05-fastdebug
</release>
<info>
Java HotSpot(TM) Client VM (19.0-b05-fastdebug) for windows-x86 JRE (1.7.0-ea-fastdebug-b104), built on Aug  6 2010 03:08:49 by &quot;java_re&quot; with MS VC++ 7.1 (VS2003)
</info>
</vm_version>
<vm_arguments>
<args>
-Dclassworlds.conf=E:\programming\apache-maven-2.2.1\bin\..\bin\m2.conf -Dmaven.home=E:\programming\apache-maven-2.2.1\bin\.. 
</args>
<command>
org.codehaus.classworlds.Launcher -Dnetbeans.execution=true install
</command>
<launcher>
SUN_STANDARD
</launcher>
<properties>
java.vm.specification.version=1.0
java.vm.specification.name=Java Virtual Machine Specification
java.vm.specification.vendor=Sun Microsystems Inc.
java.vm.version=19.0-b05-fastdebug
java.vm.name=Java HotSpot(TM) Client VM
java.vm.vendor=Sun Microsystems Inc.
java.vm.info=mixed mode, sharing
java.ext.dirs=E:\programming\java7\jre\lib\ext;C:\Windows\Sun\Java\lib\ext
java.endorsed.dirs=E:\programming\java7\jre\lib\endorsed
sun.boot.library.path=E:\programming\java7\jre\bin
java.library.path=E:\programming\java7\bin;.;C:\Windows\Sun\Java\bin;C:\Windows\system32;C:\Windows;C:\Windows\system32;C:\Windows;C:\Windows\System32\Wbem;C:\Windows\System32\WindowsPowerShell\v1.0\;C:\Program Files\QuickTime\QTSystem\
java.home=E:\programming\java7\jre
java.class.path=E:\programming\apache-maven-2.2.1\bin\..\boot\classworlds-1.1.jar
sun.boot.class.path=E:\programming\java7\jre\lib\resources.jar;E:\programming\java7\jre\lib\rt.jar;E:\programming\java7\jre\lib\sunrsasign.jar;E:\programming\java7\jre\lib\jsse.jar;E:\programming\java7\jre\lib\jce.jar;E:\programming\java7\jre\lib\charsets.jar;E:\programming\java7\jre\lib\modules\jdk.boot.jar;E:\programming\java7\jre\classes
classworlds.conf=E:\programming\apache-maven-2.2.1\bin\..\bin\m2.conf
maven.home=E:\programming\apache-maven-2.2.1\bin\..
sun.java.launcher=SUN_STANDARD
</properties>
</vm_arguments>
<tty>
<writer thread='6104'/>
<dependency_failed type='unique_concrete_method' x='java/util/HashMap containsKey (Ljava/lang/Object;)Z' witness='java/lang/ProcessEnvironment' stamp='0.688'/>
<dependency_failed type='unique_concrete_method' x='java/util/HashMap put (Ljava/lang/Object;Ljava/lang/Object;)Ljava/lang/Object;' witness='java/lang/ProcessEnvironment' stamp='0.688'/>
<dependency_failed type='unique_concrete_method' x='java/util/Properties getProperty (Ljava/lang/String;)Ljava/lang/String;' witness='java/security/Provider' stamp='1.212'/>
<dependency_failed type='unique_concrete_method' x='java/util/Properties getProperty (Ljava/lang/String;)Ljava/lang/String;' witness='java/security/Provider' stamp='1.212'/>
<writer thread='5540'/>
<dependency_failed type='leaf_type' ctxk='java/util/LinkedList' witness='sun/net/www/http/KeepAliveStreamCleaner' stamp='2.613'/>
<dependency_failed type='leaf_type' ctxk='java/util/LinkedList' witness='sun/net/www/http/KeepAliveStreamCleaner' stamp='2.613'/>
<dependency_failed type='no_finalizable_subclasses' ctxk='java/util/Hashtable' witness='sun/security/ssl/SunJSSE' stamp='2.779'/>
<dependency_failed type='no_finalizable_subclasses' ctxk='java/util/Dictionary' witness='sun/security/ssl/SunJSSE' stamp='2.779'/>
<dependency_failed type='unique_concrete_method' x='java/nio/charset/CharsetEncoder implReset ()V' witness='sun/nio/cs/UnicodeEncoder' stamp='3.326'/>
<dependency_failed type='unique_concrete_method' x='java/nio/charset/CharsetEncoder implReset ()V' witness='sun/nio/cs/UnicodeEncoder' stamp='3.326'/>
<dependency_failed type='unique_concrete_method' x='java/nio/charset/CharsetDecoder implReset ()V' witness='sun/nio/cs/UnicodeDecoder' stamp='3.329'/>
<dependency_failed type='unique_concrete_method' x='java/nio/charset/CharsetDecoder implReset ()V' witness='sun/nio/cs/UnicodeDecoder' stamp='3.329'/>
<dependency_failed type='unique_concrete_method' x='java/nio/charset/CharsetDecoder implReset ()V' witness='sun/nio/cs/UnicodeDecoder' stamp='3.329'/>
<dependency_failed type='leaf_type' ctxk='java/util/Stack' witness='sun/net/www/http/ClientVector' stamp='6.850'/>
<writer thread='6104'/>
<dependency_failed type='unique_concrete_method' x='com/sun/tools/javac/code/Symbol enclClass ()Lcom/sun/tools/javac/code/Symbol$ClassSymbol;' witness='com/sun/tools/javac/code/Symbol$DelegatedSymbol' stamp='23.633'/>
<dependency_failed type='unique_concrete_method' x='com/sun/tools/javac/code/Symbol enclClass ()Lcom/sun/tools/javac/code/Symbol$ClassSymbol;' witness='com/sun/tools/javac/code/Symbol$DelegatedSymbol' stamp='23.633'/>
<dependency_failed type='unique_concrete_method' x='com/sun/tools/javac/code/Symbol enclClass ()Lcom/sun/tools/javac/code/Symbol$ClassSymbol;' witness='com/sun/tools/javac/code/Symbol$DelegatedSymbol' stamp='23.633'/>
<dependency_failed type='unique_concrete_method' x='com/sun/tools/javac/code/Symbol enclClass ()Lcom/sun/tools/javac/code/Symbol$ClassSymbol;' witness='com/sun/tools/javac/code/Symbol$DelegatedSymbol' stamp='23.633'/>
<dependency_failed type='unique_concrete_method' x='com/sun/tools/javac/code/Symbol enclClass ()Lcom/sun/tools/javac/code/Symbol$ClassSymbol;' witness='com/sun/tools/javac/code/Symbol$DelegatedSymbol' stamp='23.633'/>
<dependency_failed type='unique_concrete_method' x='java/util/zip/ZipEntry getName ()Ljava/lang/String;' witness='org/codehaus/plexus/archiver/zip/ZipEntry' stamp='84.580'/>
C1 Runtime statistics:
 _resolve_invoke_virtual_cnt:     752
 _resolve_invoke_opt_virtual_cnt: 1274
 _resolve_invoke_static_cnt:      195
 _handle_wrong_method_cnt:        11
 _ic_miss_cnt:                    317
 _generic_arraycopy_cnt:          32351
 _primitive_arraycopy_cnt:        934299
 _oop_arraycopy_cnt:              15958
 _arraycopy_slowcase_cnt:         10184
 _new_type_array_slowcase_cnt:    30
 _new_object_array_slowcase_cnt:  12
 _new_instance_slowcase_cnt:      29
 _new_multi_array_slowcase_cnt:   0
 _monitorenter_slowcase_cnt:      1253
 _monitorexit_slowcase_cnt:       1210
 _patch_code_slowcase_cnt:        10
 _throw_range_check_exception_count:            0:
 _throw_index_exception_count:                  0:
 _throw_div0_exception_count:                   0:
 _throw_null_pointer_exception_count:           0:
 _throw_class_cast_exception_count:             0:
 _throw_incompatible_class_change_error_count:  0:
 _throw_array_store_exception_count:            0:
 _throw_count:                                  0:

<statistics type='nmethod'>
Statistics for 43 native nmethods:
 N. total size  = 27612
 N. relocation  = 2508
 N. main code   = 15924
Statistics for 1192 bytecoded nmethods:
 total in heap  = 2965252
 relocation     = 226040
 main code      = 979872
 stub code      = 139764
 constants      = 2412
 oops           = 19252
 scopes data    = 484040
 scopes pcs     = 760000
 dependencies   = 6676
 handler table  = 52632
 nul chk table  = 39644
Debug Data Chunks: 99678, shared 12467+26521, non-SP&apos;s elided 1303
PcDesc Statistics:  25885 queries, 9.64 comparisons per query
  caches=1192 queries=25885/0, hits=0+13881, tests=115610+133860, adds=12005
</statistics>
<tty_done stamp='90.195'/>
</tty>
<hotspot_log_done stamp='90.195'/>
</hotspot_log>
